2022-06-10 13:39:48,056 DEBUG [main] InternalLoggerFactory:89 - Using Log4J as the default logging framework
2022-06-10 13:39:48,071 DEBUG [main] ResourceLeakDetector:129 - -Dio.netty.leakDetection.level: simple
2022-06-10 13:39:48,072 DEBUG [main] ResourceLeakDetector:130 - -Dio.netty.leakDetection.targetRecords: 4
2022-06-10 13:39:48,077 DEBUG [main] ResourceLeakDetectorFactory:196 - Loaded default ResourceLeakDetector: io.netty.util.ResourceLeakDetector@4f2b503c
2022-06-10 13:39:48,094 DEBUG [main] PlatformDependent0:460 - -Dio.netty.noUnsafe: false
2022-06-10 13:39:48,095 DEBUG [main] PlatformDependent0:954 - Java version: 18
2022-06-10 13:39:48,098 DEBUG [main] PlatformDependent0:135 - sun.misc.Unsafe.theUnsafe: available
2022-06-10 13:39:48,100 DEBUG [main] PlatformDependent0:159 - sun.misc.Unsafe.copyMemory: available
2022-06-10 13:39:48,101 DEBUG [main] PlatformDependent0:202 - java.nio.Buffer.address: available
2022-06-10 13:39:48,102 DEBUG [main] PlatformDependent0:285 - direct buffer constructor: unavailable: Reflective setAccessible(true) disabled
2022-06-10 13:39:48,104 DEBUG [main] PlatformDependent0:350 - java.nio.Bits.unaligned: available, true
2022-06-10 13:39:48,105 DEBUG [main] PlatformDependent0:417 - jdk.internal.misc.Unsafe.allocateUninitializedArray(int): unavailable: class io.netty.util.internal.PlatformDependent0$6 cannot access class jdk.internal.misc.Unsafe (in module java.base) because module java.base does not export jdk.internal.misc to unnamed module @6833ce2c
2022-06-10 13:39:48,107 DEBUG [main] PlatformDependent0:446 - java.nio.DirectByteBuffer.<init>(long, int): unavailable
2022-06-10 13:39:48,108 DEBUG [main] PlatformDependent:1116 - sun.misc.Unsafe: available
2022-06-10 13:39:48,118 DEBUG [main] PlatformDependent:1218 - maxDirectMemory: 2063597568 bytes (maybe)
2022-06-10 13:39:48,118 DEBUG [main] PlatformDependent:1237 - -Dio.netty.tmpdir: /tmp (java.io.tmpdir)
2022-06-10 13:39:48,119 DEBUG [main] PlatformDependent:1316 - -Dio.netty.bitMode: 64 (sun.arch.data.model)
2022-06-10 13:39:48,120 DEBUG [main] PlatformDependent:178 - -Dio.netty.maxDirectMemory: -1 bytes
2022-06-10 13:39:48,121 DEBUG [main] PlatformDependent:185 - -Dio.netty.uninitializedArrayAllocationThreshold: -1
2022-06-10 13:39:48,123 DEBUG [main] CleanerJava9:71 - java.nio.ByteBuffer.cleaner(): available
2022-06-10 13:39:48,123 DEBUG [main] PlatformDependent:205 - -Dio.netty.noPreferDirect: false
2022-06-10 13:39:48,133 DEBUG [main] PlatformDependent:967 - org.jctools-core.MpscChunkedArrayQueue: available
2022-06-10 13:39:48,271 DEBUG [main] InternalThreadLocalMap:86 - -Dio.netty.threadLocalMap.stringBuilder.initialSize: 1024
2022-06-10 13:39:48,274 DEBUG [main] InternalThreadLocalMap:89 - -Dio.netty.threadLocalMap.stringBuilder.maxSize: 4096
2022-06-10 13:39:49,484 DEBUG [main] JdkSslContext:97 - Default protocols (JDK): [TLSv1.3, TLSv1.2] 
2022-06-10 13:39:49,485 DEBUG [main] JdkSslContext:98 - Default cipher suites (JDK): [TLS_ECDHE_ECDSA_WITH_AES_256_GCM_SHA384, TLS_ECDHE_ECDSA_WITH_AES_128_GCM_SHA256, TLS_ECDHE_RSA_WITH_AES_128_GCM_SHA256, TLS_ECDHE_RSA_WITH_AES_256_GCM_SHA384, TLS_ECDHE_RSA_WITH_AES_128_CBC_SHA, TLS_ECDHE_RSA_WITH_AES_256_CBC_SHA, TLS_RSA_WITH_AES_128_GCM_SHA256, TLS_RSA_WITH_AES_128_CBC_SHA, TLS_RSA_WITH_AES_256_CBC_SHA, TLS_AES_128_GCM_SHA256, TLS_AES_256_GCM_SHA384]
2022-06-10 13:39:49,590 DEBUG [main] MultithreadEventLoopGroup:44 - -Dio.netty.eventLoopThreads: 8
2022-06-10 13:39:49,599 DEBUG [main] NioEventLoop:109 - -Dio.netty.noKeySetOptimization: false
2022-06-10 13:39:49,599 DEBUG [main] NioEventLoop:110 - -Dio.netty.selectorAutoRebuildThreshold: 512
2022-06-10 13:39:49,671 DEBUG [main] PooledByteBufAllocator:155 - -Dio.netty.allocator.numHeapArenas: 8
2022-06-10 13:39:49,672 DEBUG [main] PooledByteBufAllocator:156 - -Dio.netty.allocator.numDirectArenas: 8
2022-06-10 13:39:49,672 DEBUG [main] PooledByteBufAllocator:158 - -Dio.netty.allocator.pageSize: 8192
2022-06-10 13:39:49,672 DEBUG [main] PooledByteBufAllocator:163 - -Dio.netty.allocator.maxOrder: 11
2022-06-10 13:39:49,673 DEBUG [main] PooledByteBufAllocator:167 - -Dio.netty.allocator.chunkSize: 16777216
2022-06-10 13:39:49,673 DEBUG [main] PooledByteBufAllocator:168 - -Dio.netty.allocator.smallCacheSize: 256
2022-06-10 13:39:49,674 DEBUG [main] PooledByteBufAllocator:169 - -Dio.netty.allocator.normalCacheSize: 64
2022-06-10 13:39:49,674 DEBUG [main] PooledByteBufAllocator:170 - -Dio.netty.allocator.maxCachedBufferCapacity: 32768
2022-06-10 13:39:49,674 DEBUG [main] PooledByteBufAllocator:171 - -Dio.netty.allocator.cacheTrimInterval: 8192
2022-06-10 13:39:49,675 DEBUG [main] PooledByteBufAllocator:172 - -Dio.netty.allocator.cacheTrimIntervalMillis: 0
2022-06-10 13:39:49,675 DEBUG [main] PooledByteBufAllocator:173 - -Dio.netty.allocator.useCacheForAllThreads: true
2022-06-10 13:39:49,675 DEBUG [main] PooledByteBufAllocator:174 - -Dio.netty.allocator.maxCachedByteBuffersPerChunk: 1023
2022-06-10 13:39:49,689 DEBUG [main] ByteBufUtil:87 - -Dio.netty.allocator.type: pooled
2022-06-10 13:39:49,690 DEBUG [main] ByteBufUtil:96 - -Dio.netty.threadLocalDirectBufferSize: 0
2022-06-10 13:39:49,691 DEBUG [main] ByteBufUtil:99 - -Dio.netty.maxThreadLocalCharBufferSize: 16384
2022-06-10 13:39:51,277 DEBUG [Forwarding newSession on session null to remote] DefaultChannelId:79 - -Dio.netty.processId: 11771 (auto-detected)
2022-06-10 13:39:51,280 DEBUG [Forwarding newSession on session null to remote] NetUtil:135 - -Djava.net.preferIPv4Stack: false
2022-06-10 13:39:51,280 DEBUG [Forwarding newSession on session null to remote] NetUtil:136 - -Djava.net.preferIPv6Addresses: false
2022-06-10 13:39:51,282 DEBUG [Forwarding newSession on session null to remote] NetUtilInitializations:129 - Loopback interface: lo (lo, 0:0:0:0:0:0:0:1%lo)
2022-06-10 13:39:51,283 DEBUG [Forwarding newSession on session null to remote] NetUtil:169 - /proc/sys/net/core/somaxconn: 4096
2022-06-10 13:39:51,285 DEBUG [Forwarding newSession on session null to remote] DefaultChannelId:101 - -Dio.netty.machineId: 54:13:79:ff:fe:63:11:cb (auto-detected)
2022-06-10 13:39:51,329 DEBUG [AsyncHttpClient-1-2] AbstractByteBuf:63 - -Dio.netty.buffer.checkAccessible: true
2022-06-10 13:39:51,329 DEBUG [AsyncHttpClient-1-2] AbstractByteBuf:64 - -Dio.netty.buffer.checkBounds: true
2022-06-10 13:39:51,330 DEBUG [AsyncHttpClient-1-2] ResourceLeakDetectorFactory:196 - Loaded default ResourceLeakDetector: io.netty.util.ResourceLeakDetector@2ddecfc7
2022-06-10 13:39:51,350 DEBUG [AsyncHttpClient-1-2] Recycler:85 - -Dio.netty.recycler.maxCapacityPerThread: 4096
2022-06-10 13:39:51,351 DEBUG [AsyncHttpClient-1-2] Recycler:86 - -Dio.netty.recycler.ratio: 8
2022-06-10 13:39:51,351 DEBUG [AsyncHttpClient-1-2] Recycler:87 - -Dio.netty.recycler.chunkSize: 32
2022-06-10 13:39:51,352 DEBUG [AsyncHttpClient-1-2] Recycler:88 - -Dio.netty.recycler.blocking: false
2022-06-10 13:39:54,124 DEBUG [AsyncHttpClient-1-2] Brotli:38 - brotli4j not in the classpath; Brotli support will be unavailable.
2022-06-10 13:39:54,882 DEBUG [main] ThreadLocalRandom:214 - -Dio.netty.initialSeedUniquifier: 0x7b9c9f94d7d1a20d
2022-06-10 13:45:55,869 DEBUG [main] InternalLoggerFactory:89 - Using Log4J as the default logging framework
2022-06-10 13:45:55,879 DEBUG [main] ResourceLeakDetector:129 - -Dio.netty.leakDetection.level: simple
2022-06-10 13:45:55,880 DEBUG [main] ResourceLeakDetector:130 - -Dio.netty.leakDetection.targetRecords: 4
2022-06-10 13:45:55,887 DEBUG [main] ResourceLeakDetectorFactory:196 - Loaded default ResourceLeakDetector: io.netty.util.ResourceLeakDetector@209da20d
2022-06-10 13:45:55,912 DEBUG [main] PlatformDependent0:460 - -Dio.netty.noUnsafe: false
2022-06-10 13:45:55,913 DEBUG [main] PlatformDependent0:954 - Java version: 18
2022-06-10 13:45:55,916 DEBUG [main] PlatformDependent0:135 - sun.misc.Unsafe.theUnsafe: available
2022-06-10 13:45:55,918 DEBUG [main] PlatformDependent0:159 - sun.misc.Unsafe.copyMemory: available
2022-06-10 13:45:55,920 DEBUG [main] PlatformDependent0:202 - java.nio.Buffer.address: available
2022-06-10 13:45:55,921 DEBUG [main] PlatformDependent0:285 - direct buffer constructor: unavailable: Reflective setAccessible(true) disabled
2022-06-10 13:45:55,923 DEBUG [main] PlatformDependent0:350 - java.nio.Bits.unaligned: available, true
2022-06-10 13:45:55,925 DEBUG [main] PlatformDependent0:417 - jdk.internal.misc.Unsafe.allocateUninitializedArray(int): unavailable: class io.netty.util.internal.PlatformDependent0$6 cannot access class jdk.internal.misc.Unsafe (in module java.base) because module java.base does not export jdk.internal.misc to unnamed module @6e3c1e69
2022-06-10 13:45:55,928 DEBUG [main] PlatformDependent0:446 - java.nio.DirectByteBuffer.<init>(long, int): unavailable
2022-06-10 13:45:55,928 DEBUG [main] PlatformDependent:1116 - sun.misc.Unsafe: available
2022-06-10 13:45:55,944 DEBUG [main] PlatformDependent:1218 - maxDirectMemory: 2063597568 bytes (maybe)
2022-06-10 13:45:55,944 DEBUG [main] PlatformDependent:1237 - -Dio.netty.tmpdir: /tmp (java.io.tmpdir)
2022-06-10 13:45:55,945 DEBUG [main] PlatformDependent:1316 - -Dio.netty.bitMode: 64 (sun.arch.data.model)
2022-06-10 13:45:55,947 DEBUG [main] PlatformDependent:178 - -Dio.netty.maxDirectMemory: -1 bytes
2022-06-10 13:45:55,948 DEBUG [main] PlatformDependent:185 - -Dio.netty.uninitializedArrayAllocationThreshold: -1
2022-06-10 13:45:55,950 DEBUG [main] CleanerJava9:71 - java.nio.ByteBuffer.cleaner(): available
2022-06-10 13:45:55,951 DEBUG [main] PlatformDependent:205 - -Dio.netty.noPreferDirect: false
2022-06-10 13:45:55,964 DEBUG [main] PlatformDependent:967 - org.jctools-core.MpscChunkedArrayQueue: available
2022-06-10 13:45:55,991 DEBUG [main] InternalThreadLocalMap:86 - -Dio.netty.threadLocalMap.stringBuilder.initialSize: 1024
2022-06-10 13:45:55,992 DEBUG [main] InternalThreadLocalMap:89 - -Dio.netty.threadLocalMap.stringBuilder.maxSize: 4096
2022-06-10 13:45:56,368 DEBUG [main] JdkSslContext:97 - Default protocols (JDK): [TLSv1.3, TLSv1.2] 
2022-06-10 13:45:56,368 DEBUG [main] JdkSslContext:98 - Default cipher suites (JDK): [TLS_ECDHE_ECDSA_WITH_AES_256_GCM_SHA384, TLS_ECDHE_ECDSA_WITH_AES_128_GCM_SHA256, TLS_ECDHE_RSA_WITH_AES_128_GCM_SHA256, TLS_ECDHE_RSA_WITH_AES_256_GCM_SHA384, TLS_ECDHE_RSA_WITH_AES_128_CBC_SHA, TLS_ECDHE_RSA_WITH_AES_256_CBC_SHA, TLS_RSA_WITH_AES_128_GCM_SHA256, TLS_RSA_WITH_AES_128_CBC_SHA, TLS_RSA_WITH_AES_256_CBC_SHA, TLS_AES_128_GCM_SHA256, TLS_AES_256_GCM_SHA384]
2022-06-10 13:45:56,407 DEBUG [main] MultithreadEventLoopGroup:44 - -Dio.netty.eventLoopThreads: 8
2022-06-10 13:45:56,419 DEBUG [main] NioEventLoop:109 - -Dio.netty.noKeySetOptimization: false
2022-06-10 13:45:56,420 DEBUG [main] NioEventLoop:110 - -Dio.netty.selectorAutoRebuildThreshold: 512
2022-06-10 13:45:56,454 DEBUG [main] PooledByteBufAllocator:155 - -Dio.netty.allocator.numHeapArenas: 8
2022-06-10 13:45:56,455 DEBUG [main] PooledByteBufAllocator:156 - -Dio.netty.allocator.numDirectArenas: 8
2022-06-10 13:45:56,455 DEBUG [main] PooledByteBufAllocator:158 - -Dio.netty.allocator.pageSize: 8192
2022-06-10 13:45:56,456 DEBUG [main] PooledByteBufAllocator:163 - -Dio.netty.allocator.maxOrder: 11
2022-06-10 13:45:56,456 DEBUG [main] PooledByteBufAllocator:167 - -Dio.netty.allocator.chunkSize: 16777216
2022-06-10 13:45:56,457 DEBUG [main] PooledByteBufAllocator:168 - -Dio.netty.allocator.smallCacheSize: 256
2022-06-10 13:45:56,457 DEBUG [main] PooledByteBufAllocator:169 - -Dio.netty.allocator.normalCacheSize: 64
2022-06-10 13:45:56,458 DEBUG [main] PooledByteBufAllocator:170 - -Dio.netty.allocator.maxCachedBufferCapacity: 32768
2022-06-10 13:45:56,459 DEBUG [main] PooledByteBufAllocator:171 - -Dio.netty.allocator.cacheTrimInterval: 8192
2022-06-10 13:45:56,459 DEBUG [main] PooledByteBufAllocator:172 - -Dio.netty.allocator.cacheTrimIntervalMillis: 0
2022-06-10 13:45:56,460 DEBUG [main] PooledByteBufAllocator:173 - -Dio.netty.allocator.useCacheForAllThreads: true
2022-06-10 13:45:56,460 DEBUG [main] PooledByteBufAllocator:174 - -Dio.netty.allocator.maxCachedByteBuffersPerChunk: 1023
2022-06-10 13:45:56,474 DEBUG [main] ByteBufUtil:87 - -Dio.netty.allocator.type: pooled
2022-06-10 13:45:56,475 DEBUG [main] ByteBufUtil:96 - -Dio.netty.threadLocalDirectBufferSize: 0
2022-06-10 13:45:56,475 DEBUG [main] ByteBufUtil:99 - -Dio.netty.maxThreadLocalCharBufferSize: 16384
2022-06-10 13:45:56,898 DEBUG [Forwarding newSession on session null to remote] DefaultChannelId:79 - -Dio.netty.processId: 12333 (auto-detected)
2022-06-10 13:45:56,901 DEBUG [Forwarding newSession on session null to remote] NetUtil:135 - -Djava.net.preferIPv4Stack: false
2022-06-10 13:45:56,901 DEBUG [Forwarding newSession on session null to remote] NetUtil:136 - -Djava.net.preferIPv6Addresses: false
2022-06-10 13:45:56,903 DEBUG [Forwarding newSession on session null to remote] NetUtilInitializations:129 - Loopback interface: lo (lo, 0:0:0:0:0:0:0:1%lo)
2022-06-10 13:45:56,905 DEBUG [Forwarding newSession on session null to remote] NetUtil:169 - /proc/sys/net/core/somaxconn: 4096
2022-06-10 13:45:56,907 DEBUG [Forwarding newSession on session null to remote] DefaultChannelId:101 - -Dio.netty.machineId: 54:13:79:ff:fe:63:11:cb (auto-detected)
2022-06-10 13:45:56,990 DEBUG [AsyncHttpClient-1-2] AbstractByteBuf:63 - -Dio.netty.buffer.checkAccessible: true
2022-06-10 13:45:56,991 DEBUG [AsyncHttpClient-1-2] AbstractByteBuf:64 - -Dio.netty.buffer.checkBounds: true
2022-06-10 13:45:56,991 DEBUG [AsyncHttpClient-1-2] ResourceLeakDetectorFactory:196 - Loaded default ResourceLeakDetector: io.netty.util.ResourceLeakDetector@6cfdde75
2022-06-10 13:45:57,019 DEBUG [AsyncHttpClient-1-2] Recycler:85 - -Dio.netty.recycler.maxCapacityPerThread: 4096
2022-06-10 13:45:57,019 DEBUG [AsyncHttpClient-1-2] Recycler:86 - -Dio.netty.recycler.ratio: 8
2022-06-10 13:45:57,020 DEBUG [AsyncHttpClient-1-2] Recycler:87 - -Dio.netty.recycler.chunkSize: 32
2022-06-10 13:45:57,020 DEBUG [AsyncHttpClient-1-2] Recycler:88 - -Dio.netty.recycler.blocking: false
2022-06-10 13:45:58,498 DEBUG [AsyncHttpClient-1-2] Brotli:38 - brotli4j not in the classpath; Brotli support will be unavailable.
2022-06-10 13:45:59,041 DEBUG [main] ThreadLocalRandom:214 - -Dio.netty.initialSeedUniquifier: 0xbdea7ce5ffeb3a1f
2022-06-10 13:54:23,345  INFO [main] LoginTest:24 - ****************  Starting test cases execution  *****************
2022-06-10 13:54:23,541 DEBUG [main] InternalLoggerFactory:89 - Using Log4J as the default logging framework
2022-06-10 13:54:23,547 DEBUG [main] ResourceLeakDetector:129 - -Dio.netty.leakDetection.level: simple
2022-06-10 13:54:23,549 DEBUG [main] ResourceLeakDetector:130 - -Dio.netty.leakDetection.targetRecords: 4
2022-06-10 13:54:23,557 DEBUG [main] ResourceLeakDetectorFactory:196 - Loaded default ResourceLeakDetector: io.netty.util.ResourceLeakDetector@3c7f66c4
2022-06-10 13:54:23,584 DEBUG [main] PlatformDependent0:460 - -Dio.netty.noUnsafe: false
2022-06-10 13:54:23,587 DEBUG [main] PlatformDependent0:954 - Java version: 18
2022-06-10 13:54:23,590 DEBUG [main] PlatformDependent0:135 - sun.misc.Unsafe.theUnsafe: available
2022-06-10 13:54:23,594 DEBUG [main] PlatformDependent0:159 - sun.misc.Unsafe.copyMemory: available
2022-06-10 13:54:23,595 DEBUG [main] PlatformDependent0:202 - java.nio.Buffer.address: available
2022-06-10 13:54:23,597 DEBUG [main] PlatformDependent0:285 - direct buffer constructor: unavailable: Reflective setAccessible(true) disabled
2022-06-10 13:54:23,598 DEBUG [main] PlatformDependent0:350 - java.nio.Bits.unaligned: available, true
2022-06-10 13:54:23,605 DEBUG [main] PlatformDependent0:417 - jdk.internal.misc.Unsafe.allocateUninitializedArray(int): unavailable: class io.netty.util.internal.PlatformDependent0$6 cannot access class jdk.internal.misc.Unsafe (in module java.base) because module java.base does not export jdk.internal.misc to unnamed module @5a01ccaa
2022-06-10 13:54:23,607 DEBUG [main] PlatformDependent0:446 - java.nio.DirectByteBuffer.<init>(long, int): unavailable
2022-06-10 13:54:23,608 DEBUG [main] PlatformDependent:1116 - sun.misc.Unsafe: available
2022-06-10 13:54:23,625 DEBUG [main] PlatformDependent:1218 - maxDirectMemory: 2063597568 bytes (maybe)
2022-06-10 13:54:23,626 DEBUG [main] PlatformDependent:1237 - -Dio.netty.tmpdir: /tmp (java.io.tmpdir)
2022-06-10 13:54:23,627 DEBUG [main] PlatformDependent:1316 - -Dio.netty.bitMode: 64 (sun.arch.data.model)
2022-06-10 13:54:23,630 DEBUG [main] PlatformDependent:178 - -Dio.netty.maxDirectMemory: -1 bytes
2022-06-10 13:54:23,631 DEBUG [main] PlatformDependent:185 - -Dio.netty.uninitializedArrayAllocationThreshold: -1
2022-06-10 13:54:23,634 DEBUG [main] CleanerJava9:71 - java.nio.ByteBuffer.cleaner(): available
2022-06-10 13:54:23,635 DEBUG [main] PlatformDependent:205 - -Dio.netty.noPreferDirect: false
2022-06-10 13:54:23,646 DEBUG [main] PlatformDependent:967 - org.jctools-core.MpscChunkedArrayQueue: available
2022-06-10 13:54:23,678 DEBUG [main] InternalThreadLocalMap:86 - -Dio.netty.threadLocalMap.stringBuilder.initialSize: 1024
2022-06-10 13:54:23,685 DEBUG [main] InternalThreadLocalMap:89 - -Dio.netty.threadLocalMap.stringBuilder.maxSize: 4096
2022-06-10 13:54:24,068 DEBUG [main] JdkSslContext:97 - Default protocols (JDK): [TLSv1.3, TLSv1.2] 
2022-06-10 13:54:24,069 DEBUG [main] JdkSslContext:98 - Default cipher suites (JDK): [TLS_ECDHE_ECDSA_WITH_AES_256_GCM_SHA384, TLS_ECDHE_ECDSA_WITH_AES_128_GCM_SHA256, TLS_ECDHE_RSA_WITH_AES_128_GCM_SHA256, TLS_ECDHE_RSA_WITH_AES_256_GCM_SHA384, TLS_ECDHE_RSA_WITH_AES_128_CBC_SHA, TLS_ECDHE_RSA_WITH_AES_256_CBC_SHA, TLS_RSA_WITH_AES_128_GCM_SHA256, TLS_RSA_WITH_AES_128_CBC_SHA, TLS_RSA_WITH_AES_256_CBC_SHA, TLS_AES_128_GCM_SHA256, TLS_AES_256_GCM_SHA384]
2022-06-10 13:54:24,103 DEBUG [main] MultithreadEventLoopGroup:44 - -Dio.netty.eventLoopThreads: 8
2022-06-10 13:54:24,115 DEBUG [main] NioEventLoop:109 - -Dio.netty.noKeySetOptimization: false
2022-06-10 13:54:24,116 DEBUG [main] NioEventLoop:110 - -Dio.netty.selectorAutoRebuildThreshold: 512
2022-06-10 13:54:24,150 DEBUG [main] PooledByteBufAllocator:155 - -Dio.netty.allocator.numHeapArenas: 8
2022-06-10 13:54:24,151 DEBUG [main] PooledByteBufAllocator:156 - -Dio.netty.allocator.numDirectArenas: 8
2022-06-10 13:54:24,151 DEBUG [main] PooledByteBufAllocator:158 - -Dio.netty.allocator.pageSize: 8192
2022-06-10 13:54:24,152 DEBUG [main] PooledByteBufAllocator:163 - -Dio.netty.allocator.maxOrder: 11
2022-06-10 13:54:24,152 DEBUG [main] PooledByteBufAllocator:167 - -Dio.netty.allocator.chunkSize: 16777216
2022-06-10 13:54:24,153 DEBUG [main] PooledByteBufAllocator:168 - -Dio.netty.allocator.smallCacheSize: 256
2022-06-10 13:54:24,153 DEBUG [main] PooledByteBufAllocator:169 - -Dio.netty.allocator.normalCacheSize: 64
2022-06-10 13:54:24,154 DEBUG [main] PooledByteBufAllocator:170 - -Dio.netty.allocator.maxCachedBufferCapacity: 32768
2022-06-10 13:54:24,154 DEBUG [main] PooledByteBufAllocator:171 - -Dio.netty.allocator.cacheTrimInterval: 8192
2022-06-10 13:54:24,155 DEBUG [main] PooledByteBufAllocator:172 - -Dio.netty.allocator.cacheTrimIntervalMillis: 0
2022-06-10 13:54:24,155 DEBUG [main] PooledByteBufAllocator:173 - -Dio.netty.allocator.useCacheForAllThreads: true
2022-06-10 13:54:24,156 DEBUG [main] PooledByteBufAllocator:174 - -Dio.netty.allocator.maxCachedByteBuffersPerChunk: 1023
2022-06-10 13:54:24,170 DEBUG [main] ByteBufUtil:87 - -Dio.netty.allocator.type: pooled
2022-06-10 13:54:24,171 DEBUG [main] ByteBufUtil:96 - -Dio.netty.threadLocalDirectBufferSize: 0
2022-06-10 13:54:24,171 DEBUG [main] ByteBufUtil:99 - -Dio.netty.maxThreadLocalCharBufferSize: 16384
2022-06-10 13:54:24,698 DEBUG [Forwarding newSession on session null to remote] DefaultChannelId:79 - -Dio.netty.processId: 13204 (auto-detected)
2022-06-10 13:54:24,701 DEBUG [Forwarding newSession on session null to remote] NetUtil:135 - -Djava.net.preferIPv4Stack: false
2022-06-10 13:54:24,702 DEBUG [Forwarding newSession on session null to remote] NetUtil:136 - -Djava.net.preferIPv6Addresses: false
2022-06-10 13:54:24,704 DEBUG [Forwarding newSession on session null to remote] NetUtilInitializations:129 - Loopback interface: lo (lo, 0:0:0:0:0:0:0:1%lo)
2022-06-10 13:54:24,707 DEBUG [Forwarding newSession on session null to remote] NetUtil:169 - /proc/sys/net/core/somaxconn: 4096
2022-06-10 13:54:24,714 DEBUG [Forwarding newSession on session null to remote] DefaultChannelId:101 - -Dio.netty.machineId: 54:13:79:ff:fe:63:11:cb (auto-detected)
2022-06-10 13:54:24,778 DEBUG [AsyncHttpClient-1-2] AbstractByteBuf:63 - -Dio.netty.buffer.checkAccessible: true
2022-06-10 13:54:24,779 DEBUG [AsyncHttpClient-1-2] AbstractByteBuf:64 - -Dio.netty.buffer.checkBounds: true
2022-06-10 13:54:24,779 DEBUG [AsyncHttpClient-1-2] ResourceLeakDetectorFactory:196 - Loaded default ResourceLeakDetector: io.netty.util.ResourceLeakDetector@62a0c824
2022-06-10 13:54:24,798 DEBUG [AsyncHttpClient-1-2] Recycler:85 - -Dio.netty.recycler.maxCapacityPerThread: 4096
2022-06-10 13:54:24,799 DEBUG [AsyncHttpClient-1-2] Recycler:86 - -Dio.netty.recycler.ratio: 8
2022-06-10 13:54:24,799 DEBUG [AsyncHttpClient-1-2] Recycler:87 - -Dio.netty.recycler.chunkSize: 32
2022-06-10 13:54:24,799 DEBUG [AsyncHttpClient-1-2] Recycler:88 - -Dio.netty.recycler.blocking: false
2022-06-10 13:54:26,207 DEBUG [AsyncHttpClient-1-2] Brotli:38 - brotli4j not in the classpath; Brotli support will be unavailable.
2022-06-10 13:54:26,467 DEBUG [main] ThreadLocalRandom:214 - -Dio.netty.initialSeedUniquifier: 0x9d4ca1a2d8493243
2022-06-10 13:54:26,533  INFO [main] LoginTest:29 - Launching the Chrome Browser
2022-06-10 13:54:33,599  INFO [main] LoginTest:37 - Entering URL of Application
2022-06-10 13:54:33,600  WARN [main] LoginTest:39 - Hey this is just a warning message
2022-06-10 13:54:33,600 FATAL [main] LoginTest:41 - Hey this is just a fatal error message
2022-06-10 13:54:33,601 DEBUG [main] LoginTest:43 - this is a debug message
2022-06-10 13:54:33,607  INFO [main] LoginTest:62 - **************** starting test case *****************
2022-06-10 13:54:33,609  INFO [main] LoginTest:63 - **************** FreeCRMTitleTest *******************
2022-06-10 13:54:33,869  INFO [main] LoginTest:68 - **************** ending test case *****************
2022-06-10 13:54:33,870  INFO [main] LoginTest:69 - **************** FreeCRMTitleTest *******************
2022-06-10 13:54:34,218  INFO [main] LoginTest:75 - **************** Browser is closed *****************
2022-06-10 13:54:34,224  INFO [main] LoginTest:24 - ****************  Starting test cases execution  *****************
2022-06-10 13:54:35,939  INFO [main] LoginTest:29 - Launching the Chrome Browser
2022-06-10 13:54:43,363  INFO [main] LoginTest:37 - Entering URL of Application
2022-06-10 13:54:43,363  WARN [main] LoginTest:39 - Hey this is just a warning message
2022-06-10 13:54:43,364 FATAL [main] LoginTest:41 - Hey this is just a fatal error message
2022-06-10 13:54:43,365 DEBUG [main] LoginTest:43 - this is a debug message
2022-06-10 13:54:43,369  INFO [main] LoginTest:49 - **************** starting test case *****************
2022-06-10 13:54:43,376  INFO [main] LoginTest:50 - **************** FreeCRMTitleTest *******************
2022-06-10 13:54:43,396  INFO [main] LoginTest:54 - Login page title is ----->Free CRM - CRM software for customer relationship management, sales, and support.
2022-06-10 13:54:43,397  INFO [main] LoginTest:57 - **************** ending test case*****************
2022-06-10 13:54:43,397  INFO [main] LoginTest:58 - **************** FreeCRMTitleTest *******************
2022-06-10 13:54:43,479  INFO [main] LoginTest:75 - **************** Browser is closed ****************
